
[32m
                             _   _
                            (_) | |
      __ _   _ __   __   __  _  | |
     / _` | | '_ \  \ \ / / | | | |
    | (_| | | | | |  \ V /  | | | |
     \__,_| |_| |_|   \_/   |_| |_|
[0m
    0.2.0 (08b2d3e 2024-06-07T00:17:47.018850490Z)
    [32mhttps://github.com/foundry-rs/foundry[0m

Available Accounts
==================

(0) 0xf39Fd6e51aad88F6F4ce6aB8827279cffFb92266 (10000.000000000000000000 ETH)
(1) 0x70997970C51812dc3A010C7d01b50e0d17dc79C8 (10000.000000000000000000 ETH)
(2) 0x3C44CdDdB6a900fa2b585dd299e03d12FA4293BC (10000.000000000000000000 ETH)
(3) 0x90F79bf6EB2c4f870365E785982E1f101E93b906 (10000.000000000000000000 ETH)
(4) 0x15d34AAf54267DB7D7c367839AAf71A00a2C6A65 (10000.000000000000000000 ETH)
(5) 0x9965507D1a55bcC2695C58ba16FB37d819B0A4dc (10000.000000000000000000 ETH)
(6) 0x976EA74026E726554dB657fA54763abd0C3a0aa9 (10000.000000000000000000 ETH)
(7) 0x14dC79964da2C08b23698B3D3cc7Ca32193d9955 (10000.000000000000000000 ETH)
(8) 0x23618e81E3f5cdF7f54C3d65f7FBc0aBf5B21E8f (10000.000000000000000000 ETH)
(9) 0xa0Ee7A142d267C1f36714E4a8F75612F20a79720 (10000.000000000000000000 ETH)

Private Keys
==================

(0) 0xac0974bec39a17e36ba4a6b4d238ff944bacb478cbed5efcae784d7bf4f2ff80
(1) 0x59c6995e998f97a5a0044966f0945389dc9e86dae88c7a8412f4603b6b78690d
(2) 0x5de4111afa1a4b94908f83103eb1f1706367c2e68ca870fc3fb9a804cdab365a
(3) 0x7c852118294e51e653712a81e05800f419141751be58f605c371e15141b007a6
(4) 0x47e179ec197488593b187f80a00eb0da91f1b9d0b13f8733639f19c30a34926a
(5) 0x8b3a350cf5c34c9194ca85829a2df0ec3153be0318b5e2d3348e872092edffba
(6) 0x92db14e403b83dfe3df233f83dfa3a0d7096f21ca9b0d6d6b8d88b2b4ec1564e
(7) 0x4bbbf85ce3377467afe5d46f804f221813b2bb87f24d81f60f1fcdbf7cbf4356
(8) 0xdbda1821b80551c9d65939329250298aa3472ba22feea921c0cf5d620ea67b97
(9) 0x2a871d0798f97d79848a013d4936a73bf4cc922c825d33c1cf7073dff6d409c6

Wallet
==================
Mnemonic:          test test test test test test test test test test test junk
Derivation path:   m/44'/60'/0'/0/


Chain ID
==================

[32m31337[0m

Base Fee
==================

[32m1000000000[0m

Gas Limit
==================

[32m30000000[0m

Genesis Timestamp
==================

[32m1723189187[0m

Listening on 127.0.0.1:8545

    Block Number: 1
    Block Hash: 0x48d2132d22aed1a4b0f314a6fcf950f4d849ae53b660dd09f2660df67f097e26
    Block Time: "Fri, 9 Aug 2024 07:39:49 +0000"

eth_getTransactionCount
eth_getCode
eth_blockNumber
eth_gasPrice
eth_chainId
eth_getBlockByNumber
eth_blockNumber
eth_gasPrice
eth_chainId
eth_getBlockByNumber
eth_getBalance
eth_getCode
eth_getTransactionCount
eth_getBalance
eth_getCode
eth_getTransactionCount
eth_getBalance
eth_getCode
eth_getTransactionCount
eth_getBalance
eth_getCode
eth_getTransactionCount
eth_getBalance
eth_getCode
eth_getTransactionCount
eth_getBalance
eth_getTransactionCount
eth_getCode
eth_getBalance
eth_getCode
eth_getTransactionCount
eth_getBalance
eth_getTransactionCount
eth_getCode
eth_getBalance
eth_getCode
eth_getTransactionCount
eth_getBalance
eth_getTransactionCount
eth_getCode
eth_getBalance
eth_getCode
eth_getTransactionCount
eth_getBalance
eth_getCode
eth_getTransactionCount
eth_getBalance
eth_getCode
eth_getTransactionCount
eth_getBalance
eth_getCode
eth_getTransactionCount
eth_getBalance
eth_getCode
eth_getTransactionCount
eth_getBalance
eth_getCode
eth_getTransactionCount
eth_getBalance
eth_getTransactionCount
eth_getCode
eth_getBalance
eth_getCode
eth_getTransactionCount
eth_getCode
eth_getTransactionCount
eth_getBalance
eth_getBalance
eth_getTransactionCount
eth_getCode
eth_getBalance
eth_getCode
eth_getTransactionCount
eth_getCode
eth_getTransactionCount
eth_getBalance
eth_chainId
eth_chainId
eth_blockNumber
eth_gasPrice
eth_chainId
eth_getBlockByNumber
eth_chainId
eth_feeHistory
eth_feeHistory
eth_sendRawTransaction
eth_sendRawTransaction
eth_sendRawTransaction
eth_sendRawTransaction
eth_sendRawTransaction
eth_sendRawTransaction
eth_sendRawTransaction
eth_sendRawTransaction
eth_sendRawTransaction
eth_sendRawTransaction
eth_sendRawTransaction
eth_sendRawTransaction
eth_sendRawTransaction
eth_sendRawTransaction
eth_sendRawTransaction
eth_sendRawTransaction
eth_sendRawTransaction
eth_sendRawTransaction
eth_sendRawTransaction
eth_sendRawTransaction
eth_sendRawTransaction
eth_sendRawTransaction
eth_sendRawTransaction
eth_sendRawTransaction
eth_sendRawTransaction
eth_sendRawTransaction
eth_sendRawTransaction
eth_sendRawTransaction
eth_sendRawTransaction
eth_sendRawTransaction
eth_sendRawTransaction
eth_sendRawTransaction
eth_sendRawTransaction
eth_sendRawTransaction
eth_sendRawTransaction
eth_sendRawTransaction
eth_sendRawTransaction
eth_sendRawTransaction
eth_sendRawTransaction
eth_sendRawTransaction
eth_sendRawTransaction
eth_sendRawTransaction
eth_sendRawTransaction
eth_sendRawTransaction
eth_getTransactionReceipt
eth_getTransactionReceipt
eth_getTransactionReceipt
eth_getTransactionReceipt
eth_getTransactionReceipt
eth_getTransactionReceipt
eth_getTransactionReceipt
eth_getTransactionReceipt
eth_getTransactionReceipt
eth_blockNumber
eth_getTransactionReceipt
eth_getBlockByNumber
eth_getTransactionReceipt
eth_getTransactionReceipt
eth_getTransactionReceipt
eth_getTransactionReceipt
eth_getTransactionReceipt
eth_getTransactionReceipt
eth_getTransactionReceipt
eth_getTransactionReceipt
eth_getTransactionReceipt
eth_getTransactionReceipt
eth_blockNumber
eth_getTransactionReceipt
eth_getTransactionReceipt
eth_getTransactionReceipt
eth_getTransactionReceipt
eth_getTransactionReceipt
eth_getTransactionReceipt
eth_getTransactionReceipt
eth_getTransactionReceipt
eth_getTransactionReceipt
eth_getTransactionReceipt
eth_getTransactionReceipt
eth_getTransactionReceipt
eth_getTransactionReceipt
eth_getTransactionReceipt
eth_getTransactionReceipt
eth_getTransactionReceipt
eth_getTransactionReceipt
eth_getTransactionReceipt
eth_getTransactionReceipt
eth_getTransactionReceipt
eth_blockNumber
eth_getTransactionReceipt
eth_getTransactionReceipt
eth_getTransactionReceipt
eth_getTransactionReceipt
eth_getTransactionReceipt
eth_getTransactionReceipt
eth_getTransactionReceipt
eth_getTransactionReceipt
eth_getTransactionReceipt
eth_getTransactionReceipt
eth_blockNumber
eth_getTransactionReceipt
eth_getTransactionReceipt
eth_getTransactionReceipt
eth_getTransactionReceipt
eth_getTransactionReceipt
eth_getTransactionReceipt
eth_getTransactionReceipt
eth_getTransactionReceipt
eth_getTransactionReceipt
eth_getTransactionReceipt
eth_blockNumber
eth_getTransactionReceipt
eth_getTransactionReceipt
eth_getTransactionReceipt
eth_getTransactionReceipt
eth_getTransactionReceipt
eth_getTransactionReceipt
eth_getTransactionReceipt
eth_getTransactionReceipt
eth_getTransactionReceipt
eth_getTransactionReceipt
eth_blockNumber
eth_getTransactionReceipt
eth_getTransactionReceipt
eth_getTransactionReceipt
eth_getTransactionReceipt
eth_getTransactionReceipt
eth_getTransactionReceipt
eth_getTransactionReceipt
eth_getTransactionReceipt
eth_getTransactionReceipt
eth_getTransactionReceipt
eth_blockNumber
eth_getTransactionReceipt
eth_getTransactionReceipt
eth_getTransactionReceipt
eth_getTransactionReceipt
eth_getTransactionReceipt
eth_getTransactionReceipt
eth_getTransactionReceipt
eth_getTransactionReceipt
eth_getTransactionReceipt
eth_getTransactionReceipt

    Transaction: 0xc55d3b433640cc078813156bc2d28dc5aaf6f7739a2e29c96571b9b89d5820f6
    Contract created: 0x8464135c8f25da09e49bc8782676a84730c318bc
    Gas used: 640102

    Transaction: 0x9a815bdc5e927444a49d89584278a3c22dedd6970543228f9a5bd6a020d0c1bf
    Contract created: 0x71c95911e9a5d330f4d621842ec243ee1343292e
    Gas used: 1350452

    Transaction: 0xd545b2b58ec48abd7869b22af97db5b4864299feef7e63fb2f12e8d1848bc28a
    Gas used: 1396928

    Transaction: 0x8cfea6b606f595163d988b0b5adc596c7217a7e55f262deb4c697d60703cb417
    Gas used: 1467353

    Transaction: 0x722b355124c19af2ba687ac003a4dea28a915484529c821ae77240592f602f4c
    Contract created: 0xbcf26943c0197d2ee0e5d05c716be60cc2761508
    Gas used: 2177691

    Transaction: 0xf27349dc1f64438eed08155f23b958e541e3b34f39975579f66c84c283209275
    Contract created: 0x59f2f1fcfe2474fd5f0b9ba1e73ca90b143eb8d0
    Gas used: 2888209

    Transaction: 0x2659af6249acd2b3388d6caeca4ab37c6673cc2a5eb87fcb9d8840aaf2ee0d27
    Gas used: 2934685

    Transaction: 0xa664506e22fc4ae408efc7be6d4ab1a350d55017a58720a020865007bb8432ca
    Gas used: 3005098

    Transaction: 0x6ebe35b38cc59c313c5d68e831062e5fe9683829d0846c9ef4cc8ea188685b9d
    Gas used: 3051574

    Transaction: 0xb04d08eca999bcab35ec5e661c9fed1e54251dbba09ef0402dc9481dd66bea24
    Contract created: 0x0b48af34f4c854f5ae1a3d587da471fea45bad52
    Gas used: 3761972

    Transaction: 0x6d5fdcebba7c553b60bb7397c9ac843c79858c8217b0af5888f1bf0e0cb04468
    Gas used: 3808448

    Transaction: 0xea7bb79be7b44055473cf56e77d765fb4b6445fd0774f371f5d3540dd1f4f2d3
    Contract created: 0x90118d110b07abb82ba8980d1c5cc96eea810d2c
    Gas used: 4519110

    Transaction: 0x22bb6ea02dfbce18b89813cbc2d6bd980e86869ede516979d43e8d323b8694ff
    Gas used: 4565586

    Transaction: 0xc2934f97ce160fff566e563b7556dc075b680372801e34f1d4f6f6d0af6fdb35
    Gas used: 4635999

    Transaction: 0x2cadb6c69e2a8b1a20fe6ad4ad949759f7d7957b159045ab0af10a846652f20f
    Gas used: 4706436

    Transaction: 0x5269ab63ddb1351809fa07ac3d53edbb2ac6f36bb4f7108334e4ee729e0909f3
    Gas used: 4776885

    Transaction: 0x1ff4d9823f77fd84d7dd3dd01d2b5bd77c7db3652ea3a2bbd0733cb57c76e09b
    Contract created: 0xe6b98f104c1bef218f3893adab4160dc73eb8367
    Gas used: 8591093

    Transaction: 0xe36f15457e67574a60856fdccb019c66bd6a8569b2de84e818b0b95311928a17
    Contract created: 0x5c7c905b505f0cf40ab6600d05e677f717916f6b
    Gas used: 8843194

    Transaction: 0x98e4f7e53b9cc57f6128a69687979e9aa89858f371ea0ab328ec3ee828efefd9
    Contract created: 0x0d4ff719551e23185aeb16ffbf2abebb90635942
    Gas used: 9830337

    Transaction: 0x72fa93897c406ec4449d2d25474e20ff97bcad56931e5556c9c49e46c19e671c
    Gas used: 9876813

    Transaction: 0xebc6dadfba40aecf85aff47809ec9e83d496aebc53b5c1c4528c2a4974b3b007
    Gas used: 9923106

    Transaction: 0x049227590a34dc2367d3ff650d27d128d35242e742f5f17451bfc23685a6256b
    Gas used: 10035858

    Transaction: 0x93b881124c5020f20a6dc083c6076c18adefea64e48357e83fb4d8769c71834e
    Gas used: 10128926

    Transaction: 0xdcc3db77588865bd0c5b98917804b9fd79de78f26576b746fa3cde0177be1ea3
    Gas used: 10221994

    Transaction: 0x4255c25520011ed9df52326d0ab5b249e9aeefa699587b84616423dbd30a984e
    Gas used: 10315062

    Transaction: 0x1a64341b731413e558f329037669b40df33d45b2f9b778a0f036969822045bee
    Gas used: 10408118

    Transaction: 0xeff0e91bc32105de7d63b2efab690db220738416804f092262fdea6d074983a3
    Contract created: 0x505d59fffd312983cc0ed114d7f117b91520d742
    Gas used: 12671899

    Transaction: 0x56763101fb6f34f956a5462da8c5d9af7acaff3624fc946a0c64753f46ca9877
    Contract created: 0xed17543171c1459714cdc6519b58ffcc29a3c3c9
    Gas used: 13193908

    Transaction: 0x2182087352b6a4570faa0e2ff4abdf0208a68cc2743edd85d41118037336fcbf
    Contract created: 0x677df0cb865368207999f2862ece576dc56d8df6
    Gas used: 16220971

    Transaction: 0xe73d0c4ffe437781c4636ca3b66b8a0aa30663df17d3dd524e9fa4c628f07f25
    Gas used: 18088785

    Transaction: 0xe025181a5ee46479c354aaaff96200271d439a75df99e4ff388e98a495a54b15
    Gas used: 18142098

    Transaction: 0xad0aeb0479ec36ef98a43f07d38c4e940b28ad2d12e35a91fe413ea7334493f6
    Gas used: 18187135

    Transaction: 0x50dd002a993f449cc9abf9d50fc390c4e4668856289a7ba7147b765d8106492c
    Gas used: 18233891

    Transaction: 0xbb3890270ee26bdf023797a57a90e28c48602f758a052eabd597ad6d0cfbf14e
    Gas used: 18392081

    Transaction: 0xfde0790bb408efb0299ce4aca89c513bd4af0712eec6472055953c87df47bae0
    Gas used: 18428294

    Transaction: 0x25de9cccb52b772dfc426a745e751bd69319a1eac77eb7a1a9fca6688d48bdfd
    Gas used: 18474287

    Transaction: 0x8c022d15ef3eb40965dba23928c57cdebca921a047357b795c131816b97e3540
    Gas used: 18520580

    Transaction: 0x2e32a0f22a6048c131c5d4c3975a43d45e008ab08380b59107e1e21519f8d518
    Gas used: 18631534

    Transaction: 0xc86d11571c7d9a3b02890129b2798076df63414de19a211a87b8b8eea415d32a
    Contract created: 0xad5d57ad9bb17d34debb88566ab2f5db879cc46f
    Gas used: 20042160

    Transaction: 0x3ee750ee90c339343cdb719ae5444fc3f2cc7935f591d29b8946fb79de7a941d
    Gas used: 20131351

    Transaction: 0x712427344cd1b3d8ea1b4841e00c8cd222e909d231ccbf6c47e881af3633f15a
    Gas used: 20224395

    Transaction: 0xa1d642e99d0a26cb996bba58c82e5b75e978a73de17e06a0a443f17c031e1a17
    Contract created: 0x7290f72b5c67052dde8e6e179f7803c493e90d3f
    Gas used: 22238231

    Transaction: 0xdf512090a0c6ed11af82e892d2f20542046083c2860d741b43c89933ff527d32
    Gas used: 23651329

    Transaction: 0xb43c200cec01c735db24799cd036c9f7d38cb27634403201821baac40a3829cc
    Gas used: 23697793

    Block Number: 2
    Block Hash: 0xc2932247b63300064b6e125ce2a63d4760de7fa8d3fa4fc5ab046d13385f2c12
    Block Time: "Fri, 9 Aug 2024 07:39:51 +0000"

eth_blockNumber
eth_getBlockByNumber
eth_getTransactionReceipt
eth_getTransactionReceipt
eth_getTransactionReceipt
eth_getTransactionReceipt
eth_getTransactionReceipt
eth_getTransactionReceipt
eth_getTransactionReceipt
eth_getTransactionReceipt
eth_getTransactionReceipt
eth_getTransactionReceipt
eth_getTransactionReceipt
eth_getTransactionReceipt
eth_getTransactionReceipt
eth_getTransactionReceipt
eth_getTransactionReceipt
eth_getTransactionReceipt
eth_getTransactionReceipt
eth_getTransactionReceipt
eth_getTransactionReceipt
eth_getTransactionReceipt
eth_getTransactionReceipt
eth_getTransactionReceipt
eth_getTransactionReceipt
eth_getTransactionReceipt
eth_getTransactionReceipt
eth_getTransactionReceipt
eth_getTransactionReceipt
eth_getTransactionReceipt
eth_getTransactionReceipt
eth_getTransactionReceipt
eth_getTransactionReceipt
eth_getTransactionReceipt
eth_getTransactionReceipt
eth_getTransactionReceipt
eth_getTransactionReceipt
eth_getTransactionReceipt
eth_getTransactionReceipt
eth_getTransactionReceipt
eth_getTransactionReceipt
eth_getTransactionReceipt
eth_getTransactionReceipt
eth_getTransactionReceipt
eth_getTransactionReceipt
eth_getTransactionReceipt

    Block Number: 3
    Block Hash: 0x63e49b0b8971d1d2a12956eebe90cace30fb3702d1f5be69d4a48fb3fc2076af
    Block Time: "Fri, 9 Aug 2024 07:39:53 +0000"


    Block Number: 4
    Block Hash: 0x2afaf641edaee20e46572c177c93480d25a5643da14b817fba31f60acb78c711
    Block Time: "Fri, 9 Aug 2024 07:39:55 +0000"


    Block Number: 5
    Block Hash: 0x7eb10370dbf4c7ec3c0ab584ada71aef1dd5c93150e5f7f11bc39e17f9584d54
    Block Time: "Fri, 9 Aug 2024 07:39:57 +0000"


    Block Number: 6
    Block Hash: 0x9dcc29e58651910d06f2b79d236ae5ecb6c421564c25963cebeab13df60c9960
    Block Time: "Fri, 9 Aug 2024 07:39:59 +0000"


    Block Number: 7
    Block Hash: 0xf4634a4837ae1071d7ff45fbe8b029376ea2dd4c91936c0610b90c529bec8791
    Block Time: "Fri, 9 Aug 2024 07:40:01 +0000"


    Block Number: 8
    Block Hash: 0x13e3ffcbc553a7b0be566e68719b3b73f26f3841c61c3073af2c6036e0219988
    Block Time: "Fri, 9 Aug 2024 07:40:03 +0000"


    Block Number: 9
    Block Hash: 0x033a3486709b728078265ba82f80dd8308a2aa4f123c95ac0a30a1e818eb1520
    Block Time: "Fri, 9 Aug 2024 07:40:05 +0000"


    Block Number: 10
    Block Hash: 0xf585e387842d23f78ddf96456f3ece7f93db88f0a36739b841b65959e38da266
    Block Time: "Fri, 9 Aug 2024 07:40:07 +0000"


    Block Number: 11
    Block Hash: 0xe81cdb0be91c41d52a7752021e383e52f8c9635e2522c08b565c8e5368ba4b8c
    Block Time: "Fri, 9 Aug 2024 07:40:09 +0000"


    Block Number: 12
    Block Hash: 0x424fc26a681270967efeee040c679f6ee92c88452db8d689d60153d14f9441e0
    Block Time: "Fri, 9 Aug 2024 07:40:11 +0000"


    Block Number: 13
    Block Hash: 0xcbf99dc0039bdf68263325731e40bc0cd30bd1a47e51c2bc6510f93ba78187a8
    Block Time: "Fri, 9 Aug 2024 07:40:13 +0000"


    Block Number: 14
    Block Hash: 0x88361850f192c3c367ad60b7822026c5691658c77c452a12ec49e9e75f53c237
    Block Time: "Fri, 9 Aug 2024 07:40:15 +0000"


    Block Number: 15
    Block Hash: 0xa7ce4b7fde4b0335e1952a0b8fa9d66f0d0fb0cbeeff8b42b552c6c9a5750257
    Block Time: "Fri, 9 Aug 2024 07:40:17 +0000"


    Block Number: 16
    Block Hash: 0xf2f591f63ba429805967f4a35b322a3aef8548af28db06d43ffd31c6e1e2a3a7
    Block Time: "Fri, 9 Aug 2024 07:40:19 +0000"


    Block Number: 17
    Block Hash: 0x3544d454f62a73eab52a8d315462f7c3b01988bdaf4214178135d7ca769807e7
    Block Time: "Fri, 9 Aug 2024 07:40:21 +0000"

eth_getTransactionCount

    Block Number: 18
    Block Hash: 0xfae46c023e63525fce91983a481484128e3f7addcbb0932299b0e1a8d3a1d863
    Block Time: "Fri, 9 Aug 2024 07:40:23 +0000"


    Block Number: 19
    Block Hash: 0x20641d1c794b43ebd75c65c73e7732588ee0d1dbaac4357aba5de727ecb395b0
    Block Time: "Fri, 9 Aug 2024 07:40:25 +0000"


    Block Number: 20
    Block Hash: 0x3dcd8c993d8490b46ca5d84da76e1adb44e87eb9aba5b8191603207cd2f259f3
    Block Time: "Fri, 9 Aug 2024 07:40:27 +0000"


    Block Number: 21
    Block Hash: 0xbc52e00cc4e45bbdad6af02290167b4eee324e50fa0fb649e3aef2847cfc97d5
    Block Time: "Fri, 9 Aug 2024 07:40:29 +0000"


    Block Number: 22
    Block Hash: 0x189bfb91f40378b6e30bfbf26591c5b1922717d86fd93d4632038296217df77f
    Block Time: "Fri, 9 Aug 2024 07:40:31 +0000"


    Block Number: 23
    Block Hash: 0xf189a285a0b72c7500109443dd70bd71cd50fec573d67e157b77bec8619d9d6b
    Block Time: "Fri, 9 Aug 2024 07:40:33 +0000"


    Block Number: 24
    Block Hash: 0x300d59f7aceb2c2c9462b42f8f6a8639d38da4487042d9c88f4e01a54873c01d
    Block Time: "Fri, 9 Aug 2024 07:40:35 +0000"


    Block Number: 25
    Block Hash: 0xd579f953cb2121b3f370d78c029874d815b74ffb1d7849b1573bc8cf86192c0d
    Block Time: "Fri, 9 Aug 2024 07:40:37 +0000"

eth_getCode
eth_blockNumber
eth_gasPrice
eth_chainId
eth_getBlockByNumber
eth_blockNumber
eth_gasPrice
eth_chainId
eth_getBlockByNumber
eth_getBalance
eth_getCode
eth_getTransactionCount
eth_getBalance
eth_getCode
eth_getTransactionCount
eth_getBalance
eth_getCode
eth_getTransactionCount
eth_getTransactionCount
eth_getBalance
eth_getCode
eth_getTransactionCount
eth_getBalance
eth_getCode
eth_getStorageAt
eth_getBalance
eth_getCode
eth_getTransactionCount
eth_getStorageAt
eth_getBalance
eth_getCode
eth_getTransactionCount
eth_getStorageAt
eth_getStorageAt
eth_getStorageAt
eth_getStorageAt
eth_getStorageAt
eth_getStorageAt
eth_getStorageAt
eth_getStorageAt
eth_getStorageAt
eth_getStorageAt
eth_chainId
eth_chainId
eth_blockNumber
eth_gasPrice
eth_chainId
eth_getBlockByNumber
eth_chainId
eth_feeHistory
eth_feeHistory
eth_sendRawTransaction
eth_sendRawTransaction
eth_getTransactionReceipt
eth_getTransactionReceipt
eth_blockNumber
eth_getBlockByNumber
eth_getTransactionReceipt
eth_getTransactionReceipt
eth_getTransactionReceipt
eth_getTransactionReceipt
eth_blockNumber

    Transaction: 0x145e9146f88166d666606116294a098948e0be3c8d08da86b3bc19d28823f5fe
    Gas used: 141659

    Transaction: 0x242f8c35daac9429c41d1d3265d3ca93af53a17f3612aa220a45346a12f760cd
    Gas used: 179131

    Block Number: 26
    Block Hash: 0xd6863b5cb3f7407877976a2d0466a6e62a962b022539f3791aaa158780e16d51
    Block Time: "Fri, 9 Aug 2024 07:40:39 +0000"

eth_getTransactionReceipt
eth_getTransactionReceipt

    Block Number: 27
    Block Hash: 0x15faf18a7398e3a4fed7ca9f49d9c2fd7bdb82e7ceb6984c7c4a326f2cb99e86
    Block Time: "Fri, 9 Aug 2024 07:40:41 +0000"


    Block Number: 28
    Block Hash: 0x8a06d8559b102ca66e14d89188239dff8ed7ee482d83f6d42abb8cce227faed2
    Block Time: "Fri, 9 Aug 2024 07:40:43 +0000"


    Block Number: 29
    Block Hash: 0xcdd9cde2c14ed7c944f9797e48ed88f91e91eafea9beab45b7a4b8f7cc0db5d7
    Block Time: "Fri, 9 Aug 2024 07:40:45 +0000"


    Block Number: 30
    Block Hash: 0x9b36c4fd63c40b14989890dc2dd8864ec06596abf35231aa3fcb3216d6229972
    Block Time: "Fri, 9 Aug 2024 07:40:47 +0000"


    Block Number: 31
    Block Hash: 0x5097d489deaf980b0dc24a5c0bdc980088af0824677f1555623fadbe4e3b7bc3
    Block Time: "Fri, 9 Aug 2024 07:40:49 +0000"


    Block Number: 32
    Block Hash: 0x7ee9947845fb46a9a2c109a94f7292181cc1cf28b9dde2f93363ba3d5d203f51
    Block Time: "Fri, 9 Aug 2024 07:40:51 +0000"


    Block Number: 33
    Block Hash: 0xe1c0cd261ffa2f5e8e80a3cdbc4b04344ab98d9672abf404ffe1404b69770965
    Block Time: "Fri, 9 Aug 2024 07:40:53 +0000"


    Block Number: 34
    Block Hash: 0x747cb87cba90d633f3e0d64068fa1a2c09ea61bcc3760652ec40668a916c87b6
    Block Time: "Fri, 9 Aug 2024 07:40:55 +0000"


    Block Number: 35
    Block Hash: 0xf0780efe7b5eebe949e86959ae22af35745655e32214c2c2aea4207a68bca13d
    Block Time: "Fri, 9 Aug 2024 07:40:57 +0000"


    Block Number: 36
    Block Hash: 0x791bbe25d1510f549a5c7b633be23a101fda47f2441c89f6c63dde390b913f70
    Block Time: "Fri, 9 Aug 2024 07:40:59 +0000"


    Block Number: 37
    Block Hash: 0x72611ace5335caf74e36bf01c2c119d732e66261736b3139c11b4ad2df4b5295
    Block Time: "Fri, 9 Aug 2024 07:41:01 +0000"


    Block Number: 38
    Block Hash: 0xb92d9b89f8ff0534119ec1bfd9c99ca4a93c7f4366a01d55c94cf2a0e9ed5620
    Block Time: "Fri, 9 Aug 2024 07:41:03 +0000"


    Block Number: 39
    Block Hash: 0xa2f096d24a7a47393366a4523ad1b794739c0d8ae985a04e2c506bc12cfc4d68
    Block Time: "Fri, 9 Aug 2024 07:41:05 +0000"


    Block Number: 40
    Block Hash: 0x97e401211dda772cf67f14a98a536e80e82e579f38963c5b0e2449646d717923
    Block Time: "Fri, 9 Aug 2024 07:41:07 +0000"


    Block Number: 41
    Block Hash: 0xcf9b743581e471bb4ca56104d64821fd8f0537201ae6d901fbbc9c4dd026c765
    Block Time: "Fri, 9 Aug 2024 07:41:09 +0000"


    Block Number: 42
    Block Hash: 0x60aa3e01f5bb3957d60976f71326422def2bcbbf639170f84ad8e9d070f6fdc2
    Block Time: "Fri, 9 Aug 2024 07:41:11 +0000"


    Block Number: 43
    Block Hash: 0xe7c1678ed32358058344db6a5619bf800116679e4ffa0168dcaf650b0d4f4e66
    Block Time: "Fri, 9 Aug 2024 07:41:13 +0000"


    Block Number: 44
    Block Hash: 0x964f9bd8e45772489f814402cbf374f7403a3779873391f384875a019995145d
    Block Time: "Fri, 9 Aug 2024 07:41:15 +0000"


    Block Number: 45
    Block Hash: 0xa12cd014a86bfe9b98f0e663802d39db24cffa398357414dc672ffd7a897a90a
    Block Time: "Fri, 9 Aug 2024 07:41:17 +0000"


    Block Number: 46
    Block Hash: 0x4791ffe76084f4807ffaca8f57a49603c8371d8dd2421bf792434b62f85d9af7
    Block Time: "Fri, 9 Aug 2024 07:41:19 +0000"


    Block Number: 47
    Block Hash: 0x97a22d1f8d7370f373f1ebc59a3ee86c48de51390ae5b549f6269b54fa9d3a1a
    Block Time: "Fri, 9 Aug 2024 07:41:21 +0000"


    Block Number: 48
    Block Hash: 0x44b3cc1b5ce739626bf0f529d641c13ee2307bcebf465544e27fd5ca9e7b4480
    Block Time: "Fri, 9 Aug 2024 07:41:23 +0000"


    Block Number: 49
    Block Hash: 0xc979e54ca5e889f18f3cf0440ac2f53ce96618cced3bf06b586ad49bc785a8f0
    Block Time: "Fri, 9 Aug 2024 07:41:25 +0000"


    Block Number: 50
    Block Hash: 0xf9e43d5db945184a8a7ffe96008a10fb29b445c6195981e0950f08305f5e098c
    Block Time: "Fri, 9 Aug 2024 07:41:27 +0000"


    Block Number: 51
    Block Hash: 0xa80d7d74883ceeacf5b1d09c146c35b3e4d46067d191590c0f1ce90ee9d19c02
    Block Time: "Fri, 9 Aug 2024 07:41:29 +0000"


    Block Number: 52
    Block Hash: 0xa2a020101af9c219b4526d457a772fb897458613e65c6d64b7e2044ff91b9b74
    Block Time: "Fri, 9 Aug 2024 07:41:31 +0000"


    Block Number: 53
    Block Hash: 0x176477c4388299f260876f450e88af055ba3f262320e9635a7fb018069a18877
    Block Time: "Fri, 9 Aug 2024 07:41:33 +0000"


    Block Number: 54
    Block Hash: 0x999bea9221bde42a0299afde3a7b76ad94f9529211197524a762407ef3af9a12
    Block Time: "Fri, 9 Aug 2024 07:41:35 +0000"


    Block Number: 55
    Block Hash: 0x83496d02b60e3d95d20adc15bcd594af8880f0c2ad56534abef7ae7a5d93a67d
    Block Time: "Fri, 9 Aug 2024 07:41:37 +0000"


    Block Number: 56
    Block Hash: 0xa35bdc3522ab67054bcb24f0b6e737b31e495bc16c49a98536899a5d59a1d9f8
    Block Time: "Fri, 9 Aug 2024 07:41:39 +0000"


    Block Number: 57
    Block Hash: 0x04043d105c263c405bdeb6dfd746b52e19210ec69bec22a7d378b4d470cdee5f
    Block Time: "Fri, 9 Aug 2024 07:41:41 +0000"


    Block Number: 58
    Block Hash: 0xf89d95de53454110aace2bfaf0ed6912d979351ed0272f8aa416d9c72be05b9b
    Block Time: "Fri, 9 Aug 2024 07:41:43 +0000"


    Block Number: 59
    Block Hash: 0x3d1e4b44595d2f1628dc8d2ce1a0ed1e27b0728b73d2740f08e1d7b120d32742
    Block Time: "Fri, 9 Aug 2024 07:41:45 +0000"


    Block Number: 60
    Block Hash: 0x20f2bb0505b0a0b4952fcdaebcfce54da043f954b268f89696c07c2f560e7ee1
    Block Time: "Fri, 9 Aug 2024 07:41:47 +0000"


    Block Number: 61
    Block Hash: 0xc5f6fce91e88857917cef2b8dafa4d3b1f51dff9d518bf24b4b6d05b19f8c51c
    Block Time: "Fri, 9 Aug 2024 07:41:49 +0000"


    Block Number: 62
    Block Hash: 0x2966a8b5b3b2781b07c1de5c2d44f3a7ccce088b032ce7466b8d6bfa61790ed4
    Block Time: "Fri, 9 Aug 2024 07:41:51 +0000"


    Block Number: 63
    Block Hash: 0xaa12d535d1b843347aa40aad1c1b38ee7a2e42498da7541772b7694a481bbc63
    Block Time: "Fri, 9 Aug 2024 07:41:53 +0000"


    Block Number: 64
    Block Hash: 0x40b7ff628415f38393f87c6c4cca177299b008ff279e2e77808bd96669273b8e
    Block Time: "Fri, 9 Aug 2024 07:41:55 +0000"


    Block Number: 65
    Block Hash: 0xbe0fbccc2f5f96cf5fde7e699ee222df9db35c5a6979d3bb4d7222df43d496bc
    Block Time: "Fri, 9 Aug 2024 07:41:57 +0000"


    Block Number: 66
    Block Hash: 0xb76a1b812f8de375775c4f947589f173fce40405f729659572cf322ebff46473
    Block Time: "Fri, 9 Aug 2024 07:41:59 +0000"


    Block Number: 67
    Block Hash: 0x3aaac4743d0600ebfd0797803ae767ecaa73ad9e8d13d5a5204b26802f144c3c
    Block Time: "Fri, 9 Aug 2024 07:42:01 +0000"


    Block Number: 68
    Block Hash: 0x40cf88cf50b9d7c196930876b2e1620fe9295806baa2ac90ff1be359bac4f33c
    Block Time: "Fri, 9 Aug 2024 07:42:03 +0000"


    Block Number: 69
    Block Hash: 0x81a5674cc68510a4cb8a5e423a65a9dfe69f744fb99cc4a0c3060ba038177b4a
    Block Time: "Fri, 9 Aug 2024 07:42:05 +0000"


    Block Number: 70
    Block Hash: 0x57a386f459a51eadc6f6b4500641a64bbb54436291a72a97cc38771bffbbb881
    Block Time: "Fri, 9 Aug 2024 07:42:07 +0000"


    Block Number: 71
    Block Hash: 0xbc67c18ed01fef61fc42edb137cd16de22b732793f81fe963612a2623db03714
    Block Time: "Fri, 9 Aug 2024 07:42:09 +0000"


    Block Number: 72
    Block Hash: 0xbed12ce487bba21631c536abd8bd36f1ffc588ba536338e1b0b1cc4fde8b5699
    Block Time: "Fri, 9 Aug 2024 07:42:11 +0000"


    Block Number: 73
    Block Hash: 0x6b0a4bd55528b543d64d2aaf8ffe59490a608faf280027ea9fd773de8d0e4f7d
    Block Time: "Fri, 9 Aug 2024 07:42:13 +0000"


    Block Number: 74
    Block Hash: 0x157d42629911badbfe6b35a33ca2094b6799be5639a9d55c06991b4022e0c32e
    Block Time: "Fri, 9 Aug 2024 07:42:15 +0000"


    Block Number: 75
    Block Hash: 0x2167669f19db8a30125da395203f7cb9428a8d83f31bf1f7f6eb9a096059c401
    Block Time: "Fri, 9 Aug 2024 07:42:17 +0000"


    Block Number: 76
    Block Hash: 0xb9e57a0d4c57a3220fa1eafcfd20a037e6c60c74700c70f541e8fdac447cbec8
    Block Time: "Fri, 9 Aug 2024 07:42:19 +0000"


    Block Number: 77
    Block Hash: 0x7aab959f7a34e2322c6ae6a1551561f4341593f59288a3b6bebb1ca3d95b795c
    Block Time: "Fri, 9 Aug 2024 07:42:21 +0000"


    Block Number: 78
    Block Hash: 0x82017ae5c0aaff7e30fe80e3b4079be872dd3604d32824dd7aeffc00a73c9bf9
    Block Time: "Fri, 9 Aug 2024 07:42:23 +0000"


    Block Number: 79
    Block Hash: 0x93104cb4781d947694639b03b4a978489293ec4db91626e94e99afc911037812
    Block Time: "Fri, 9 Aug 2024 07:42:25 +0000"


    Block Number: 80
    Block Hash: 0xc27b4f9b313e662271ce129bcada71a3065ad3cade8df53fdde5fc3dd40fdc4a
    Block Time: "Fri, 9 Aug 2024 07:42:27 +0000"


    Block Number: 81
    Block Hash: 0x1a32b8e101826b91aff2657216ff796e268a8d6a24c254e22e673ee949494105
    Block Time: "Fri, 9 Aug 2024 07:42:29 +0000"


    Block Number: 82
    Block Hash: 0x2d988ad7868267a8b8993a3be62272085d9731871aa95585ae65829eeae4a206
    Block Time: "Fri, 9 Aug 2024 07:42:31 +0000"


    Block Number: 83
    Block Hash: 0x8fb293e62598f840fc77779ec480c8f7697ea3722dde3940f71a88b9794661d3
    Block Time: "Fri, 9 Aug 2024 07:42:33 +0000"


    Block Number: 84
    Block Hash: 0x57b6992ed7a32dea2fc2942aaa789a1448fad9a15fc8ec752072d626e9398f5d
    Block Time: "Fri, 9 Aug 2024 07:42:35 +0000"


    Block Number: 85
    Block Hash: 0xa08b4ef89afe0a6ba4ff40713ecaad3baf6daa82f332257f4bde1df02272f4a2
    Block Time: "Fri, 9 Aug 2024 07:42:37 +0000"


    Block Number: 86
    Block Hash: 0xcb7c2b9f1ed2c0b2530cbcafc1274c783f5f9fb31f1a2fb59b0631d8e81218d0
    Block Time: "Fri, 9 Aug 2024 07:42:39 +0000"


    Block Number: 87
    Block Hash: 0xd5cd4139c83b001819f303bc43e67db3c3e44ec28040c9c25a659c51860ddc8c
    Block Time: "Fri, 9 Aug 2024 07:42:41 +0000"


    Block Number: 88
    Block Hash: 0x93fa6f16cc34423c5699dae47ca4d23fd7cff1c7a8f8db45e3f5706a1bd1eeaa
    Block Time: "Fri, 9 Aug 2024 07:42:43 +0000"


    Block Number: 89
    Block Hash: 0x707d0f3762f0a2e84f0036cc06f0786e78043857a81d590bcedf49ac4508d3fe
    Block Time: "Fri, 9 Aug 2024 07:42:45 +0000"


    Block Number: 90
    Block Hash: 0x7f93c2492bab07013a0d45c44df8b963a10157bbed7c06283a5f9eb50c93552d
    Block Time: "Fri, 9 Aug 2024 07:42:47 +0000"


    Block Number: 91
    Block Hash: 0x49f48fab2b55b6404e669df50c824b65cdd4d818af401587576181c049068220
    Block Time: "Fri, 9 Aug 2024 07:42:49 +0000"


    Block Number: 92
    Block Hash: 0xd50b47e90fbb371d7ce98653db7531d662769e34af72c780ae6de1153d5d4d5e
    Block Time: "Fri, 9 Aug 2024 07:42:51 +0000"


    Block Number: 93
    Block Hash: 0x30875323b4cb9a3abd59a0eb0262dad5a224bc4497210d36728253e221413789
    Block Time: "Fri, 9 Aug 2024 07:42:53 +0000"


    Block Number: 94
    Block Hash: 0xc5b6291795280f2a9d89293d34043240d5fee075b876ceb4b228696d584c4fd9
    Block Time: "Fri, 9 Aug 2024 07:42:55 +0000"


    Block Number: 95
    Block Hash: 0x64c19c5b4c918ce175fa71c99717562ff5e39a93cc127dedaae9db617b62a6c1
    Block Time: "Fri, 9 Aug 2024 07:42:57 +0000"


    Block Number: 96
    Block Hash: 0x30e0317f12e515f539d80c63308512489cbc1ebff0f7f21f36d7224e110ebea3
    Block Time: "Fri, 9 Aug 2024 07:42:59 +0000"


    Block Number: 97
    Block Hash: 0xcd5a8b129ac78ad96df2d2889188b8414622b6cc097fc76e167ef9267f5616bc
    Block Time: "Fri, 9 Aug 2024 07:43:01 +0000"


    Block Number: 98
    Block Hash: 0x5b08a15ad65278085071216f9f3ccb81c25cc660fea041ca178154803fecdff6
    Block Time: "Fri, 9 Aug 2024 07:43:03 +0000"


    Block Number: 99
    Block Hash: 0x90e37535bdff3188a19749384b32390f5b73d53914631aaee32cae38564123e6
    Block Time: "Fri, 9 Aug 2024 07:43:05 +0000"


    Block Number: 100
    Block Hash: 0xa397995c39d228a7462fd403b38de0e5c54653663ce0e0ef6040b37d4c98a126
    Block Time: "Fri, 9 Aug 2024 07:43:07 +0000"


    Block Number: 101
    Block Hash: 0x2b2aa36a433755843a572734caf479717f691c33908e3f2a7a8d2ded956fab25
    Block Time: "Fri, 9 Aug 2024 07:43:09 +0000"


    Block Number: 102
    Block Hash: 0x9842b5f305189b9db462bfb4876398ea146aed1eee95a5566357e5f9bc0f6829
    Block Time: "Fri, 9 Aug 2024 07:43:11 +0000"


    Block Number: 103
    Block Hash: 0xf4c26e42f941b25513fc7dfe8df7255ccb7029ad52371034cc9bb8b8556e06c1
    Block Time: "Fri, 9 Aug 2024 07:43:13 +0000"


    Block Number: 104
    Block Hash: 0x3e11fcad70e27f655e88e169db599f63d0637e25d847f0ff283d82906ddfef39
    Block Time: "Fri, 9 Aug 2024 07:43:15 +0000"


    Block Number: 105
    Block Hash: 0xb1ab95676448b45765ff79aee966396bdf006e1368712563835fbd199dff9c4a
    Block Time: "Fri, 9 Aug 2024 07:43:17 +0000"


    Block Number: 106
    Block Hash: 0x3e0e9aa7309a54075b96075a619aafd0585a588be62b0a1b02f95692fcce486f
    Block Time: "Fri, 9 Aug 2024 07:43:19 +0000"


    Block Number: 107
    Block Hash: 0x6f8457dc4a928033b765d656b48cef25758537533abd4a856d398b6be086fefe
    Block Time: "Fri, 9 Aug 2024 07:43:21 +0000"


    Block Number: 108
    Block Hash: 0x1e834ad1bbb276c4c9584433b1bcc7f9c03b538bced90a9cd0a038d619b5ea3f
    Block Time: "Fri, 9 Aug 2024 07:43:23 +0000"


    Block Number: 109
    Block Hash: 0xdf735a29367048f05b84a57acac699bd64ac5a1f24c158ddd510828e5e659a5f
    Block Time: "Fri, 9 Aug 2024 07:43:25 +0000"


    Block Number: 110
    Block Hash: 0xb015d2c345c77220a9df68e0cdf2436026231ab00ab0df2c6f04a5e569c79f5d
    Block Time: "Fri, 9 Aug 2024 07:43:27 +0000"


    Block Number: 111
    Block Hash: 0xfe50b224bec51a4a94252246fd8378b2e6e62c97eab3d75934b5b376a6e58c7a
    Block Time: "Fri, 9 Aug 2024 07:43:29 +0000"


    Block Number: 112
    Block Hash: 0x195c8a9c8556385f7b2b550cf512db722f9f8a83b3d488647ea45081b66a868a
    Block Time: "Fri, 9 Aug 2024 07:43:31 +0000"


    Block Number: 113
    Block Hash: 0xb421514514c3b7e8abea62dee1b9c02fef18ba75fd2b570211c732e4a96cc749
    Block Time: "Fri, 9 Aug 2024 07:43:33 +0000"


    Block Number: 114
    Block Hash: 0x003ee19028f99dc7323d691bdc08f3eb0b2e59a96b0bcc216d9d28068b0eed48
    Block Time: "Fri, 9 Aug 2024 07:43:35 +0000"


    Block Number: 115
    Block Hash: 0x5f417135a6a7dc992d6a7545ac20c4a5caca32990f884568d8d4b75682aa2aef
    Block Time: "Fri, 9 Aug 2024 07:43:37 +0000"


    Block Number: 116
    Block Hash: 0x1ef52af7c710e8163c168472759bb1d6f0eee0416ad7dc3bbf6690e097c72932
    Block Time: "Fri, 9 Aug 2024 07:43:39 +0000"


    Block Number: 117
    Block Hash: 0xa1848b90e0ffbd555f90861b5f0f818e736c7f345ef71a561ba275565eb5447c
    Block Time: "Fri, 9 Aug 2024 07:43:41 +0000"


    Block Number: 118
    Block Hash: 0x0fd7041a22c2bb12e1b0d4ad8a6042e040808d8520bc3fd6f455a99d2b414cce
    Block Time: "Fri, 9 Aug 2024 07:43:43 +0000"


    Block Number: 119
    Block Hash: 0x57393f136f1ef27f21cd82674780182db34f52dcbc239fa50310dde7f3a68e22
    Block Time: "Fri, 9 Aug 2024 07:43:45 +0000"


    Block Number: 120
    Block Hash: 0x90311119364ac9b80360b916dabeabed67ba3f63ed569dac6906ece7b259a253
    Block Time: "Fri, 9 Aug 2024 07:43:47 +0000"


    Block Number: 121
    Block Hash: 0xc412f799e1e8ff2dcfe1c4e8439f30f4ee73251e383967c03f2b6e429719e7c3
    Block Time: "Fri, 9 Aug 2024 07:43:49 +0000"


    Block Number: 122
    Block Hash: 0xe1dba3e80215b7578678158b71d94871cd4137c21ebb02d9391bb785cf5dc686
    Block Time: "Fri, 9 Aug 2024 07:43:51 +0000"


    Block Number: 123
    Block Hash: 0xe5496dd55de3ef3420a4e89b04f589ce4a40185273aa551945d0975854f4b71f
    Block Time: "Fri, 9 Aug 2024 07:43:53 +0000"


    Block Number: 124
    Block Hash: 0xb24daa8fe1ae161a1d446ecabde2a25eb945df236916b925fe3f42df0f5b1b54
    Block Time: "Fri, 9 Aug 2024 07:43:55 +0000"


    Block Number: 125
    Block Hash: 0xb76296179f2231fd746cb15a99a010630903511661d641bea8ff2541475a8693
    Block Time: "Fri, 9 Aug 2024 07:43:57 +0000"


    Block Number: 126
    Block Hash: 0x4388949dbad214a83d5863469e01b2ed61de564d83f0860430ee6bcda1479677
    Block Time: "Fri, 9 Aug 2024 07:43:59 +0000"


    Block Number: 127
    Block Hash: 0xbf19a79a90fa418eea8c5331df71225f9fd3f4c4b6f5b9ba169c0626c936e45c
    Block Time: "Fri, 9 Aug 2024 07:44:01 +0000"


    Block Number: 128
    Block Hash: 0xe08261c2d82747fdd249eb77d1a55b0ed85d84610c0747b73dd621745099af43
    Block Time: "Fri, 9 Aug 2024 07:44:03 +0000"


    Block Number: 129
    Block Hash: 0xf9af272720529fef7b91fd61c28f369794869e290884586378e15f0b29878ea2
    Block Time: "Fri, 9 Aug 2024 07:44:05 +0000"


    Block Number: 130
    Block Hash: 0xeef2a1c3b8f7b5103d98ec467a146674cb53fb69b846951f752d9ac25354fd3f
    Block Time: "Fri, 9 Aug 2024 07:44:07 +0000"


    Block Number: 131
    Block Hash: 0x72e66cc84aa414b83ba24d4a76587934d0e7c03219fe5b6ed30e7200c849fd70
    Block Time: "Fri, 9 Aug 2024 07:44:09 +0000"


    Block Number: 132
    Block Hash: 0x457e8d24d9135450c68d37a986500942c6c0330b88293390f06a5d975214c87b
    Block Time: "Fri, 9 Aug 2024 07:44:11 +0000"


    Block Number: 133
    Block Hash: 0x6067090a491e51d32976a5e3634ff190604a045c717c92301012bf24486b827b
    Block Time: "Fri, 9 Aug 2024 07:44:13 +0000"


    Block Number: 134
    Block Hash: 0xb50cf5d698a6dcf0e4e57fb8cc8627af0ab0def064d8962168447e405c465458
    Block Time: "Fri, 9 Aug 2024 07:44:15 +0000"


    Block Number: 135
    Block Hash: 0xe53046fc239d3e695baa4ffb9f16d9341c485198bcd78bb21d78dfd859dbdf37
    Block Time: "Fri, 9 Aug 2024 07:44:17 +0000"


    Block Number: 136
    Block Hash: 0xd6e410f387fff46bd8392201b18796cb75c69fe9939e602f7ffc507487bfc291
    Block Time: "Fri, 9 Aug 2024 07:44:19 +0000"


    Block Number: 137
    Block Hash: 0x5620a6ff6dadf3576378c86aa7620e754f85172524d23c4bc71daca959f51cae
    Block Time: "Fri, 9 Aug 2024 07:44:21 +0000"


    Block Number: 138
    Block Hash: 0xb8241b1705675c942374fb0a69b633bf8537d5067f0a50eff1a7947a729aad86
    Block Time: "Fri, 9 Aug 2024 07:44:23 +0000"


    Block Number: 139
    Block Hash: 0xbeb38ef185a11d25c8e12e19383b347263381da82830ff7a428b2615db1054dd
    Block Time: "Fri, 9 Aug 2024 07:44:25 +0000"


    Block Number: 140
    Block Hash: 0xeb71a1f0bc25768d0b5be277feef8b9566fe546fc6b875140bb1b0bb6686d2d5
    Block Time: "Fri, 9 Aug 2024 07:44:27 +0000"


    Block Number: 141
    Block Hash: 0xd76267ab87ec0f9e1e8f2bd25f9686a2f88fab4bfd6fdba2ea60bce93b1d184a
    Block Time: "Fri, 9 Aug 2024 07:44:29 +0000"


    Block Number: 142
    Block Hash: 0x22c1042ea16473c80a3058c8c54f5be04ee28b1e7fd45e7f4adf499943a05b46
    Block Time: "Fri, 9 Aug 2024 07:44:31 +0000"


    Block Number: 143
    Block Hash: 0xed01ef1af00125cebaaa468a4da79910e0ee4b123e859b651a0bf1e829507e15
    Block Time: "Fri, 9 Aug 2024 07:44:33 +0000"


    Block Number: 144
    Block Hash: 0x1c1c5c4007bdf7a47071d2b5b8b94fbb55952a6d453094b1b9ec454d2c4a39e7
    Block Time: "Fri, 9 Aug 2024 07:44:35 +0000"


    Block Number: 145
    Block Hash: 0x360fde6660769363dfef6a760242f13eaa7cf9c73be0b074ac5f60679829a552
    Block Time: "Fri, 9 Aug 2024 07:44:37 +0000"


    Block Number: 146
    Block Hash: 0x9e82f5417061ed6a75957aed47b6dd167a4c15182b80317ddd9cfee0b805e54a
    Block Time: "Fri, 9 Aug 2024 07:44:39 +0000"


    Block Number: 147
    Block Hash: 0x93827aa55eea7b49c454face8a5625d3c7a5bb5532749e679c0cd9e53a4f8548
    Block Time: "Fri, 9 Aug 2024 07:44:41 +0000"


    Block Number: 148
    Block Hash: 0xa26d4b88a828722298bc861272f32d49f8e3a3127df93ff3e3b4a4e828ac94b6
    Block Time: "Fri, 9 Aug 2024 07:44:43 +0000"


    Block Number: 149
    Block Hash: 0x7b3a4c5468e38f72a6a9ddec40740bda7bcb01f60aeced3cceb6e37d1dfcf047
    Block Time: "Fri, 9 Aug 2024 07:44:45 +0000"


    Block Number: 150
    Block Hash: 0x0753159e7fd317d5b3b255c2dc1c42719b5d13cfa1e9123c834183ead8936eaf
    Block Time: "Fri, 9 Aug 2024 07:44:47 +0000"


    Block Number: 151
    Block Hash: 0x8cf7376d31e95907c5be2b6278da8bf5e3204c7c3408989da204f509709eb7a1
    Block Time: "Fri, 9 Aug 2024 07:44:49 +0000"


    Block Number: 152
    Block Hash: 0x382c32ee97826e4f7896b364d2945b59c770358d40870f0638fc1ed380ce5713
    Block Time: "Fri, 9 Aug 2024 07:44:51 +0000"


    Block Number: 153
    Block Hash: 0xff3e347d292e4bdd2d7521ffaa9e5c94279e759354342d2c3f22d8c041a43195
    Block Time: "Fri, 9 Aug 2024 07:44:53 +0000"


    Block Number: 154
    Block Hash: 0x64ea98de0088ac13719bad12e18bf9b87894e10fa985928ad30e6f596b54d89c
    Block Time: "Fri, 9 Aug 2024 07:44:55 +0000"


    Block Number: 155
    Block Hash: 0x3150d11e6591f88d3b7582458eec916c14053841a63efb452addbb3071ef0b64
    Block Time: "Fri, 9 Aug 2024 07:44:57 +0000"


    Block Number: 156
    Block Hash: 0xdf67119831eb9f5d94a77b1ecb0da07a485cda53d31de833fa85b04884eea198
    Block Time: "Fri, 9 Aug 2024 07:44:59 +0000"


    Block Number: 157
    Block Hash: 0xd1e50220ac0b303e6dda376a15b04b1a2b011c3370c433fc71aed13e62bca1f6
    Block Time: "Fri, 9 Aug 2024 07:45:01 +0000"


    Block Number: 158
    Block Hash: 0x86221d903a713f23464a3f5ebcca6b45c9203d1494b012c69140add292f09d7b
    Block Time: "Fri, 9 Aug 2024 07:45:03 +0000"


    Block Number: 159
    Block Hash: 0x4cf2555eb9df5fcdeb002fbc608e5d3aa048b0dd5161c04996af1e446624f782
    Block Time: "Fri, 9 Aug 2024 07:45:05 +0000"


    Block Number: 160
    Block Hash: 0x7c37a08f3c75cd69f53a9bb87d07799a4004a02d94b66076eeb44041cd2ad2ce
    Block Time: "Fri, 9 Aug 2024 07:45:07 +0000"


    Block Number: 161
    Block Hash: 0x80dd76e3f1f0c29b2f89eae3572f39b08e21d0ed15bc0d85f1bf95de81d0a537
    Block Time: "Fri, 9 Aug 2024 07:45:09 +0000"


    Block Number: 162
    Block Hash: 0x728942da0d38970c8f3c9d46d9f4e7931eca31e75369013b8c0957327f8b50d7
    Block Time: "Fri, 9 Aug 2024 07:45:11 +0000"


    Block Number: 163
    Block Hash: 0x1909c3cd5a8716aba1706cb3dec8e860fa1bd426f5eeda2052edcac0bc0b786c
    Block Time: "Fri, 9 Aug 2024 07:45:13 +0000"


    Block Number: 164
    Block Hash: 0xe2d5031e6a458fac1266136bb238b95443373a5a76e47c54c0b32b19b7d2ce08
    Block Time: "Fri, 9 Aug 2024 07:45:15 +0000"


    Block Number: 165
    Block Hash: 0x889cb3dbbc1c3bdb0316580f6bab4e301e4123938b11cc1d8b428329cf0cec36
    Block Time: "Fri, 9 Aug 2024 07:45:17 +0000"


    Block Number: 166
    Block Hash: 0xf19df18a31f3e25d57b3d38572d5c4a77d0e25515db33ecebeb3718fac7088bc
    Block Time: "Fri, 9 Aug 2024 07:45:19 +0000"


    Block Number: 167
    Block Hash: 0x175a27df5301fafacc13b66f30644386b0fde4f9bb81f22c0123a4923f7d1b0a
    Block Time: "Fri, 9 Aug 2024 07:45:21 +0000"


    Block Number: 168
    Block Hash: 0xd4ddedcf2cd4045813001f6bbcf75308fbccd2e2cc9823ad1c7492adb55556f8
    Block Time: "Fri, 9 Aug 2024 07:45:23 +0000"


    Block Number: 169
    Block Hash: 0x4a0d6438944c39a935b91f3551c93ae0c0535af555b9b6f9785c5e2390722eba
    Block Time: "Fri, 9 Aug 2024 07:45:25 +0000"


    Block Number: 170
    Block Hash: 0x8e3754ad86703b9b63a8eb6f0764a6704439d344cdfd9ba0380c3cc274116ca1
    Block Time: "Fri, 9 Aug 2024 07:45:27 +0000"


    Block Number: 171
    Block Hash: 0x06ae10444da941e6d5c07ba1eb3387a091a9341e9321aab090758b0916b16451
    Block Time: "Fri, 9 Aug 2024 07:45:29 +0000"


    Block Number: 172
    Block Hash: 0x61db5870ea54fadcbd3cc2de24e3bf1db73a213c79372965161bfef2d8f396d3
    Block Time: "Fri, 9 Aug 2024 07:45:31 +0000"


    Block Number: 173
    Block Hash: 0x0e9df2be078d9f8d7777715d8baf50dde3407a576f61376f0097819f2a58c5ca
    Block Time: "Fri, 9 Aug 2024 07:45:33 +0000"


    Block Number: 174
    Block Hash: 0x8e7bd32fe16dbd11615d131839dc00fa0575cf793b5dcecee834ccc9178fdee9
    Block Time: "Fri, 9 Aug 2024 07:45:35 +0000"


    Block Number: 175
    Block Hash: 0x54c5c0331067d18ed3a73d3f9a568226c6da9afecf2ea062042b2d7ff0472953
    Block Time: "Fri, 9 Aug 2024 07:45:37 +0000"


    Block Number: 176
    Block Hash: 0xd864b4b8124434bea4c622004bc48f96b7d26b2af19ceff79a184566f11498c3
    Block Time: "Fri, 9 Aug 2024 07:45:39 +0000"


    Block Number: 177
    Block Hash: 0x3b604f03ea435257956893128b775685cfedeb2626d2f7050fdd16fa6f24190b
    Block Time: "Fri, 9 Aug 2024 07:45:41 +0000"


    Block Number: 178
    Block Hash: 0x8fe85a888c95693254cc9f0917ca162ec271c70cde5cdd201de9b34be7e57454
    Block Time: "Fri, 9 Aug 2024 07:45:43 +0000"


    Block Number: 179
    Block Hash: 0x1c668a9a44ee65cc1e511aeef75692636188124c800e69e89f290b94c5b450fe
    Block Time: "Fri, 9 Aug 2024 07:45:45 +0000"


    Block Number: 180
    Block Hash: 0x2254ab6454787d1cab1cfe64fc96ada3d7d1fbcc81c03ec2173826a58ead7aa4
    Block Time: "Fri, 9 Aug 2024 07:45:47 +0000"


    Block Number: 181
    Block Hash: 0x2ca74c196061d8feb775d56f47b1603da3fa2e54304386129f33e59fe2eaf2b9
    Block Time: "Fri, 9 Aug 2024 07:45:49 +0000"


    Block Number: 182
    Block Hash: 0x62b2a893979ee72f4bf2d4dcac3a5587cb310f501a7c59669857485e340e3799
    Block Time: "Fri, 9 Aug 2024 07:45:51 +0000"


    Block Number: 183
    Block Hash: 0x3ca9cb23998d7e2958382feaf87671afc6984259845987f77280c19d8a2cd81d
    Block Time: "Fri, 9 Aug 2024 07:45:53 +0000"


    Block Number: 184
    Block Hash: 0xb4e3ac23e0a36fdd510fae85cc8d30e424248a39757f4800cb01700e05faaa38
    Block Time: "Fri, 9 Aug 2024 07:45:55 +0000"


    Block Number: 185
    Block Hash: 0x652dd9bbfa23a549db9373d6f659c413ed9f04ad986eeff8bd2960702dbdaf7e
    Block Time: "Fri, 9 Aug 2024 07:45:57 +0000"


    Block Number: 186
    Block Hash: 0xace3f0249e9af6767f5cd22138a87120737ea2a8066bbacc782ebecc33b66a76
    Block Time: "Fri, 9 Aug 2024 07:45:59 +0000"


    Block Number: 187
    Block Hash: 0xbb3840d47ee3f3c534582bae3adf947178eb5451067492a29ff3655e91840cab
    Block Time: "Fri, 9 Aug 2024 07:46:01 +0000"


    Block Number: 188
    Block Hash: 0xdb3d2718c89edbddd646c819893bf79c314360f7a5470652d463963244870982
    Block Time: "Fri, 9 Aug 2024 07:46:03 +0000"


    Block Number: 189
    Block Hash: 0xa324b06b5be6319668fd9597e5ff65b663b90b95e7e7fe1bf4ed543782abef1f
    Block Time: "Fri, 9 Aug 2024 07:46:05 +0000"


    Block Number: 190
    Block Hash: 0x53782134072d803dd50cfde5e338b14a6df12e08dd563c929eacb734a39146e6
    Block Time: "Fri, 9 Aug 2024 07:46:07 +0000"


    Block Number: 191
    Block Hash: 0xd0b6239520da4fff74a2125d478183a7ffde421bc26c4d1f24d3259a9c477162
    Block Time: "Fri, 9 Aug 2024 07:46:09 +0000"


    Block Number: 192
    Block Hash: 0xc2e09f3fe2ccc7aba5c2cbef46df090e05e56df96328d36a0d618c98c84e4b43
    Block Time: "Fri, 9 Aug 2024 07:46:11 +0000"


    Block Number: 193
    Block Hash: 0x314f24a8ac05f79dabbc6f1d3ddf9e45d1d827032abd7c2037fd8f0f932318af
    Block Time: "Fri, 9 Aug 2024 07:46:13 +0000"


    Block Number: 194
    Block Hash: 0x36ec5fd24e87fd35c9eb1ccc788ebd062ddf762108684c6509d8291720821ac4
    Block Time: "Fri, 9 Aug 2024 07:46:15 +0000"


    Block Number: 195
    Block Hash: 0x5eb0d8a9fd73c7c85d0c1f87c48ecd653291887de1e62ee38138db5ec9bfd125
    Block Time: "Fri, 9 Aug 2024 07:46:17 +0000"


    Block Number: 196
    Block Hash: 0x3f56b9f22d38f5e8be897648f15f43ac55bb6244e635bc3f58a26c41246b005d
    Block Time: "Fri, 9 Aug 2024 07:46:19 +0000"


    Block Number: 197
    Block Hash: 0x8ac03153ec7902119216eb655a51f816657be991f040a7894885cca153fe8dfe
    Block Time: "Fri, 9 Aug 2024 07:46:21 +0000"


    Block Number: 198
    Block Hash: 0xa062eab586d3797411b090742d52da5d2a885065cbb9aaed7eb01b7b773a84d0
    Block Time: "Fri, 9 Aug 2024 07:46:23 +0000"


    Block Number: 199
    Block Hash: 0x2ebfb116fff4807c274c0454718687d72c1ec39a8370bff6e9611c77f17d0284
    Block Time: "Fri, 9 Aug 2024 07:46:25 +0000"


    Block Number: 200
    Block Hash: 0x208a61d74a7bdf94a320836d7dce3a994892d29cbf7107f2fdafa6318b64e35f
    Block Time: "Fri, 9 Aug 2024 07:46:27 +0000"


    Block Number: 201
    Block Hash: 0x498be35be9988621f3b14c03e67ff5860d9437e8c2f86ab93114a90f7956f669
    Block Time: "Fri, 9 Aug 2024 07:46:29 +0000"


    Block Number: 202
    Block Hash: 0x1dc2a7dd2dc590e2413617be728ab3eaae44f54667f99a65d7b56cb74c2c88e8
    Block Time: "Fri, 9 Aug 2024 07:46:31 +0000"


    Block Number: 203
    Block Hash: 0x50e83d0e13fd5ff322c8cc88c50d1343c214e5e64527d9c28e1314f6287966fb
    Block Time: "Fri, 9 Aug 2024 07:46:33 +0000"


    Block Number: 204
    Block Hash: 0x35c4c1db4812c20d7eee94149cb3763ede69942f6477d92e9651a736b0a437e5
    Block Time: "Fri, 9 Aug 2024 07:46:35 +0000"


    Block Number: 205
    Block Hash: 0x01c449ffab39dd24e5cba564137f4032981865be6de006e76f635a29bac432d7
    Block Time: "Fri, 9 Aug 2024 07:46:37 +0000"


    Block Number: 206
    Block Hash: 0x78e7a84ed231bd2c5e53d9a7c26f821dc0dd9e5b62ba5b49076a8961ed6079ac
    Block Time: "Fri, 9 Aug 2024 07:46:39 +0000"


    Block Number: 207
    Block Hash: 0x242cfd488035e7da726ea9f748cf265ada5f0f7f4d7d94ce9fa530f3ddfcaa53
    Block Time: "Fri, 9 Aug 2024 07:46:41 +0000"


    Block Number: 208
    Block Hash: 0x383f212601616b8b726e2adee9c73937b6848ad21501d326c14ad0cb2e892aba
    Block Time: "Fri, 9 Aug 2024 07:46:43 +0000"


    Block Number: 209
    Block Hash: 0xb0da62e75c2251d173d819b0ff1e15b48178146527af76f2d83f90a2bcad860a
    Block Time: "Fri, 9 Aug 2024 07:46:45 +0000"


    Block Number: 210
    Block Hash: 0x42d49f2d2413a06dd47d42d6cb35dd4f4a1f51afb484dbccd9b8352478bd85a9
    Block Time: "Fri, 9 Aug 2024 07:46:47 +0000"


    Block Number: 211
    Block Hash: 0x86ccea8742c153994560dbbe72dcb69ba1ff879c649df36f73e73a02de1e2762
    Block Time: "Fri, 9 Aug 2024 07:46:49 +0000"


    Block Number: 212
    Block Hash: 0x5a5b41d736b843b456905b45d9f87399d5e2e755c9671200a5cd65d582f62749
    Block Time: "Fri, 9 Aug 2024 07:46:51 +0000"


    Block Number: 213
    Block Hash: 0x05a0cd7ed15550f78c0448c8c938da281845239f0076aab959383f13a9738372
    Block Time: "Fri, 9 Aug 2024 07:46:53 +0000"


    Block Number: 214
    Block Hash: 0x7e87463bae1ad3aef522a3235b62b5ce2c5c83b5a1931ff3d42000401e2b080d
    Block Time: "Fri, 9 Aug 2024 07:46:55 +0000"


    Block Number: 215
    Block Hash: 0x5d7f56b03a65698e1bc39a3021527209a2212cc103ccffcbef068fc4af0473a7
    Block Time: "Fri, 9 Aug 2024 07:46:57 +0000"


    Block Number: 216
    Block Hash: 0x9eebbbb455887f13767af80f864dcafbdf3742cf5c563eb11df6633bd9c1d9bb
    Block Time: "Fri, 9 Aug 2024 07:46:59 +0000"


    Block Number: 217
    Block Hash: 0x0661c102eff068e1430d6a0438a69ec5bd49319081f5a1d14511c23d481f2f59
    Block Time: "Fri, 9 Aug 2024 07:47:01 +0000"


    Block Number: 218
    Block Hash: 0xeb7bdf08f2cfb79b45dcb2f565fc4c43c89217156d42d0a022e82c98347090de
    Block Time: "Fri, 9 Aug 2024 07:47:03 +0000"


    Block Number: 219
    Block Hash: 0x672cdf96105f662d7c2546b3ef89bf49e988200d897673bd5d4b2759f522066c
    Block Time: "Fri, 9 Aug 2024 07:47:05 +0000"


    Block Number: 220
    Block Hash: 0xedc49ea5af803683b4b7ff236ccdd0d1e5b57ac0d0be95dcd74d8a3b933822f5
    Block Time: "Fri, 9 Aug 2024 07:47:07 +0000"


    Block Number: 221
    Block Hash: 0xfc9d274950b69f5890f82228097ccf70a6144c4faa62fab18eca902404fb053e
    Block Time: "Fri, 9 Aug 2024 07:47:09 +0000"


    Block Number: 222
    Block Hash: 0x728ea202c750f6ee669b83f9de273d3ee6977cc51c1ef8edcf9d29e69144b16a
    Block Time: "Fri, 9 Aug 2024 07:47:11 +0000"


    Block Number: 223
    Block Hash: 0x561819e1181359966f1710620a76cd155d7fea950ad5c4944a00cc61f5fa6a09
    Block Time: "Fri, 9 Aug 2024 07:47:13 +0000"


    Block Number: 224
    Block Hash: 0xe3aaa481ea7a30450f39d868a4d84c8a78de5e4dcedbc54613fce20cee0a9387
    Block Time: "Fri, 9 Aug 2024 07:47:15 +0000"


    Block Number: 225
    Block Hash: 0x9ee158bec0018ddd1e83c7a1ebe3df5d109df643c0121278547563fa71856366
    Block Time: "Fri, 9 Aug 2024 07:47:17 +0000"


    Block Number: 226
    Block Hash: 0x1fba38fe6447649f032d1a42217a9c9161d3db9636596c53d7331a002da9ccf3
    Block Time: "Fri, 9 Aug 2024 07:47:19 +0000"


    Block Number: 227
    Block Hash: 0x9d8c77455ea7a8c2396c2b0fcd25b14c42c84f4fe2f8555704f7e89f4479f461
    Block Time: "Fri, 9 Aug 2024 07:47:21 +0000"


    Block Number: 228
    Block Hash: 0x15d3c78806ce0f680c68d9b8720ad58d79e925e29df8aa22518d63db7a515360
    Block Time: "Fri, 9 Aug 2024 07:47:23 +0000"


    Block Number: 229
    Block Hash: 0x96f11a0fd4d02bf044a2efbb24af96e865673c8de95ed1867822c5903113bc7c
    Block Time: "Fri, 9 Aug 2024 07:47:25 +0000"


    Block Number: 230
    Block Hash: 0x5a81f188384972b76e67c00fb3d644fb685adde69367ebcf20092eb3a2ffe4ad
    Block Time: "Fri, 9 Aug 2024 07:47:27 +0000"


    Block Number: 231
    Block Hash: 0xb74ec7b51cda38ecc365a68bc3d1cbed7c210a71586e95f22aacb28852b326cf
    Block Time: "Fri, 9 Aug 2024 07:47:29 +0000"


    Block Number: 232
    Block Hash: 0x4efefb5d4d7823cbd12e11003c68e896d86162a9d9e1b4190bd0d3d455dc77b4
    Block Time: "Fri, 9 Aug 2024 07:47:31 +0000"


    Block Number: 233
    Block Hash: 0xd2ab10249ca77e78075a14b7aee1b56cfbe04ad6eaf7b0fcf833a4413494f4f4
    Block Time: "Fri, 9 Aug 2024 07:47:33 +0000"


    Block Number: 234
    Block Hash: 0xf052a8aaca0ee10f57b959baf6aadf421d03dca94a2a187eea93476a7e5b28c7
    Block Time: "Fri, 9 Aug 2024 07:47:35 +0000"


    Block Number: 235
    Block Hash: 0xdac572470ac589f3b060a9d249095177c9b5606e743b18d5af5892f095ec8043
    Block Time: "Fri, 9 Aug 2024 07:47:37 +0000"


    Block Number: 236
    Block Hash: 0x5dadf3d4e099d4d9f99d7f2aad313118c64dda5de4519dbf2165d92cf154debe
    Block Time: "Fri, 9 Aug 2024 07:47:39 +0000"


    Block Number: 237
    Block Hash: 0x0032b685e3916f3de6c939f78692a01d5bc63b00092b652b7b3d9057d4e027a8
    Block Time: "Fri, 9 Aug 2024 07:47:41 +0000"


    Block Number: 238
    Block Hash: 0x33cab11ec26bf1ae2c4c9fcce249d1862c3181e0612084654bc7c14929de24b2
    Block Time: "Fri, 9 Aug 2024 07:47:43 +0000"


    Block Number: 239
    Block Hash: 0x5827f3f27222b3d9650a7e76c9f155c786e31bc9ee61f5994c1c2477544ebf89
    Block Time: "Fri, 9 Aug 2024 07:47:45 +0000"


    Block Number: 240
    Block Hash: 0x8d83bf5108eaa62621be9c15b3b6b034b912eedb64204c3b97c1a750513c59a2
    Block Time: "Fri, 9 Aug 2024 07:47:47 +0000"


    Block Number: 241
    Block Hash: 0x1208409524baecf624b45ae1d84bde5aa9527f7b9f1d530e8f6153550a4863f6
    Block Time: "Fri, 9 Aug 2024 07:47:49 +0000"


    Block Number: 242
    Block Hash: 0x981322fa9761c817578444f56d2a585e81adf9d05e53a425dda92b257eefb741
    Block Time: "Fri, 9 Aug 2024 07:47:51 +0000"


    Block Number: 243
    Block Hash: 0x4a3e09423338b8b8147ffa6cb32c61e5f3d9f0dc660c74d353277551c752d5f7
    Block Time: "Fri, 9 Aug 2024 07:47:53 +0000"


    Block Number: 244
    Block Hash: 0xbb8fa0e4569f2fbc9f06eb91b13101bf050d9a5a09b3b0ca647c75399ec49a81
    Block Time: "Fri, 9 Aug 2024 07:47:55 +0000"


    Block Number: 245
    Block Hash: 0x529b8c0efcc920d392e7efae53f5ce6f1f288ab4341a629cb258527952624ffc
    Block Time: "Fri, 9 Aug 2024 07:47:57 +0000"


    Block Number: 246
    Block Hash: 0x0704fd23b53b98d0fa2b48c393822dfcbc8bd71b7f1522c875f189dfd6051c3c
    Block Time: "Fri, 9 Aug 2024 07:47:59 +0000"


    Block Number: 247
    Block Hash: 0xbab0c096e275585d9c833af0a9074123cac648f844c04cc4471b0802fe1daa0e
    Block Time: "Fri, 9 Aug 2024 07:48:01 +0000"


    Block Number: 248
    Block Hash: 0x1107f7343d935b462ad371383176af3bcc4800fa9d549991d9bc5cacc1228d5e
    Block Time: "Fri, 9 Aug 2024 07:48:03 +0000"


    Block Number: 249
    Block Hash: 0x20db686491ad93dfcb1c4c7ddb6f606052815cd181f60fc4b6778c62f5d80d78
    Block Time: "Fri, 9 Aug 2024 07:48:05 +0000"


    Block Number: 250
    Block Hash: 0x3c054b3563a4b3e618206aa77f4e5338c9c9c66c2d64ac8a76c933264fb73673
    Block Time: "Fri, 9 Aug 2024 07:48:07 +0000"


    Block Number: 251
    Block Hash: 0x9358efe8a6eef677fdb28fd0efb01a87eec250abbf7997ee03b7e737ecd23e5b
    Block Time: "Fri, 9 Aug 2024 07:48:09 +0000"


    Block Number: 252
    Block Hash: 0xfe7cbae3db93f5ed90a8ee26afbba36d5c086f250a398dbb5b353d6fe8b5bfd0
    Block Time: "Fri, 9 Aug 2024 07:48:11 +0000"


    Block Number: 253
    Block Hash: 0x40b23cb0c2ac1d17150ed6ebeb569894625235449bada646960a3329b70de2b2
    Block Time: "Fri, 9 Aug 2024 07:48:13 +0000"


    Block Number: 254
    Block Hash: 0x63006cbd959b342a3b7b503681cd14634647f8fbeff4e9e796a8c656ee99c70e
    Block Time: "Fri, 9 Aug 2024 07:48:15 +0000"


    Block Number: 255
    Block Hash: 0x45b1f9e36e84ad4f04d63115ec00f3628e8e9c3bb3920f9f32b7e3c8a6d79e5e
    Block Time: "Fri, 9 Aug 2024 07:48:17 +0000"


    Block Number: 256
    Block Hash: 0xd456d370e4b9773dee8a33ea6c626dba53514bf9f71dd972f18788d829f2addd
    Block Time: "Fri, 9 Aug 2024 07:48:19 +0000"


    Block Number: 257
    Block Hash: 0xf0a73b79a2a0f9ffa295ebfee36b647d302ddfeaec703bcf99b59c24f0b6900e
    Block Time: "Fri, 9 Aug 2024 07:48:21 +0000"


    Block Number: 258
    Block Hash: 0xaadb50c4997ec2aae087d9380d5b23d26323c8aa8adabdf74a6386fa3b00c397
    Block Time: "Fri, 9 Aug 2024 07:48:23 +0000"


    Block Number: 259
    Block Hash: 0x25e2f81e5e03f305355477d48ef04c826ceba0ca61865f4f55619a3e9587fe24
    Block Time: "Fri, 9 Aug 2024 07:48:25 +0000"


    Block Number: 260
    Block Hash: 0x583c0e2f16d1abfc230bcf910fb24399a70b08e6934a477bb88f98b6b6e891bd
    Block Time: "Fri, 9 Aug 2024 07:48:27 +0000"


    Block Number: 261
    Block Hash: 0xdec4e4166cc4931761b5ca83d17e3646c1c95aa5906f0036cd1b2e9e2cf19bfe
    Block Time: "Fri, 9 Aug 2024 07:48:29 +0000"


    Block Number: 262
    Block Hash: 0xf165d10605509067c527ac31ef1ab055cf89e74de0784075faa2d99944daa93b
    Block Time: "Fri, 9 Aug 2024 07:48:31 +0000"


    Block Number: 263
    Block Hash: 0x1619ec60655c1106d0ca6e212fb960ce6352feb0745955cce34116eea9e055d3
    Block Time: "Fri, 9 Aug 2024 07:48:33 +0000"


    Block Number: 264
    Block Hash: 0xe28477d89558b4cd15d69d58cce1be7ce9822a41d91218ddb3cfc5110f6a81f4
    Block Time: "Fri, 9 Aug 2024 07:48:35 +0000"


    Block Number: 265
    Block Hash: 0x1cc6be7e2dab488c7c85cc0e3399095292f4279bea4536cf3aa3e0edd17bc64c
    Block Time: "Fri, 9 Aug 2024 07:48:37 +0000"


    Block Number: 266
    Block Hash: 0x3b14eee950a06cd98a139c886f340d5c43533956436bba9d103d03a3faa1e6cc
    Block Time: "Fri, 9 Aug 2024 07:48:39 +0000"


    Block Number: 267
    Block Hash: 0xb5433572c879249d424f7ead9c97f51c6ef2c504e860cf99ecc15535445b2a5d
    Block Time: "Fri, 9 Aug 2024 07:48:41 +0000"


    Block Number: 268
    Block Hash: 0x4123d0c2a22278ef928ff5c590f7957a61c6c338a156e8064a643c46abae1aaf
    Block Time: "Fri, 9 Aug 2024 07:48:43 +0000"


    Block Number: 269
    Block Hash: 0xb738b414231fd30b5b99feaaf27b0467019532e7b1634ae0cb1c41c39c73e380
    Block Time: "Fri, 9 Aug 2024 07:48:45 +0000"


    Block Number: 270
    Block Hash: 0x8ef915d008b729a77dedbfe6f2527bd2e48ab71f87a4eb16a4b7f3129a54bcd0
    Block Time: "Fri, 9 Aug 2024 07:48:47 +0000"


    Block Number: 271
    Block Hash: 0xd7400a00bd824d646a9363bacc11e83a508daaa2d4538dc17cd07dfb4386ed95
    Block Time: "Fri, 9 Aug 2024 07:48:49 +0000"


    Block Number: 272
    Block Hash: 0xdb018261e63ad5300315f4b37256111742b5a0cd4c60832c2a834db3b6cded65
    Block Time: "Fri, 9 Aug 2024 07:48:51 +0000"


    Block Number: 273
    Block Hash: 0x36615e264af21404b647dfa439f0536772fbdd060a937291cf61629c0ef06b4d
    Block Time: "Fri, 9 Aug 2024 07:48:53 +0000"


    Block Number: 274
    Block Hash: 0x6b65a8308685ad14e5d25f916e98f4242b47025060646cea08a0b57a0e96a969
    Block Time: "Fri, 9 Aug 2024 07:48:55 +0000"


    Block Number: 275
    Block Hash: 0x715008c76e2f148c00c682b0975dc25a065c3aa3658f592f8e451e6a36b58445
    Block Time: "Fri, 9 Aug 2024 07:48:57 +0000"


    Block Number: 276
    Block Hash: 0xe34c8aa0c3c5a64442a062c882da53a4140fb4212d05cfeb0d85ebe9090ed1c2
    Block Time: "Fri, 9 Aug 2024 07:48:59 +0000"


    Block Number: 277
    Block Hash: 0x94a411e85a80037c2d6a906a8e005005f94419c53651aac2f105a29543ea6c04
    Block Time: "Fri, 9 Aug 2024 07:49:01 +0000"


    Block Number: 278
    Block Hash: 0xf1e5f145040fb71ca644b46b2f09fe21cbe10ba08474e021fe63d89a18e5c794
    Block Time: "Fri, 9 Aug 2024 07:49:03 +0000"


    Block Number: 279
    Block Hash: 0x85443dd2955a8db0036a3257e3a0e3a34da7ed19bef0363a1410d5108dd722f3
    Block Time: "Fri, 9 Aug 2024 07:49:05 +0000"


    Block Number: 280
    Block Hash: 0xdaf26911666cc4f201fb52ec33097e3b28372b86636195ff960635d26c9bf256
    Block Time: "Fri, 9 Aug 2024 07:49:07 +0000"


    Block Number: 281
    Block Hash: 0xd430ca1b85254b0ebbb7315559f9fd9ca85128e741391e4c86ea928b62591476
    Block Time: "Fri, 9 Aug 2024 07:49:09 +0000"


    Block Number: 282
    Block Hash: 0x678ab14b10fd2de8e22080d8d982f5eb823a19d797545b533e638a351bd4bae4
    Block Time: "Fri, 9 Aug 2024 07:49:11 +0000"


    Block Number: 283
    Block Hash: 0x1520e464268cc4af1be55665480ee2f05b39e1587a097c34cc94ccc6b4f941bb
    Block Time: "Fri, 9 Aug 2024 07:49:13 +0000"


    Block Number: 284
    Block Hash: 0x7252d092ee2534bd10dec183ef1c7e7cfc1a4e9c3587a3a5a360852e62c98e82
    Block Time: "Fri, 9 Aug 2024 07:49:15 +0000"


    Block Number: 285
    Block Hash: 0x5babea218ba0edeaf306ee9bffb489978c0ea7478c52e620023fc03cedd54d7b
    Block Time: "Fri, 9 Aug 2024 07:49:17 +0000"


    Block Number: 286
    Block Hash: 0xd284527df276cf744db7a1863f0a212ed1de0f9fc5ba342dfa1123928f732d4d
    Block Time: "Fri, 9 Aug 2024 07:49:19 +0000"


    Block Number: 287
    Block Hash: 0x0ecf484209269208bdfe9c34ec9713abfb632b9709a641d09eca991469f346c0
    Block Time: "Fri, 9 Aug 2024 07:49:21 +0000"


    Block Number: 288
    Block Hash: 0x73de8deb83fccf1111d7d8cf196bb54e75dd2e8b1e7dfaeee3cdacfcdb1bd0ca
    Block Time: "Fri, 9 Aug 2024 07:49:23 +0000"


    Block Number: 289
    Block Hash: 0x8b3577562c80edcee62e7b44cc35ee9f731d47e6b7f1d3a3ddc01f11f234f779
    Block Time: "Fri, 9 Aug 2024 07:49:25 +0000"


    Block Number: 290
    Block Hash: 0xa27a75b3c9e401d2a6ff016f516e4d6ccd24d39ed5ed093ba0d0eacc46cacfa9
    Block Time: "Fri, 9 Aug 2024 07:49:27 +0000"


    Block Number: 291
    Block Hash: 0xce00310d0a595bdf9f0871970ded01cc7be09ea35697f65b8d4af4c7b98a1cc4
    Block Time: "Fri, 9 Aug 2024 07:49:29 +0000"


    Block Number: 292
    Block Hash: 0x866c317e3313fda95ebbddafd15574cc33ca4720c6ca71f5fc657f786e4e66a8
    Block Time: "Fri, 9 Aug 2024 07:49:31 +0000"


    Block Number: 293
    Block Hash: 0xf0d7570a80a00088c29dc9589f742622f5146399bb1161929c90b8ea9c6e8f80
    Block Time: "Fri, 9 Aug 2024 07:49:33 +0000"


    Block Number: 294
    Block Hash: 0x77b185fdbf59e4859458b5207c54438543718a522b6856e166e0afd0dce47fa8
    Block Time: "Fri, 9 Aug 2024 07:49:35 +0000"


    Block Number: 295
    Block Hash: 0x2890a96b81fe7a81e2c20158c90853e87cf4e3ced61bcde9bdb9132dd0e53fc7
    Block Time: "Fri, 9 Aug 2024 07:49:37 +0000"


    Block Number: 296
    Block Hash: 0xe0b04276e5ba2e9b079b807e64abb11a4f4e2e3fc91c6dd3d228795fad06e55d
    Block Time: "Fri, 9 Aug 2024 07:49:39 +0000"


    Block Number: 297
    Block Hash: 0x5d598d05cb37ef6c4470a8d0af412e38bf918fea3da63404e7e6f8682808af6f
    Block Time: "Fri, 9 Aug 2024 07:49:41 +0000"


    Block Number: 298
    Block Hash: 0xfb1a85eafa9def6ca3e5c7152225698150f488cc4efa392dbde3c3164205ce18
    Block Time: "Fri, 9 Aug 2024 07:49:43 +0000"


    Block Number: 299
    Block Hash: 0xe4f9e8aa15edcc3ceed5c91d616963087fdfaef1a39fce9780e9e8172a7fdad0
    Block Time: "Fri, 9 Aug 2024 07:49:45 +0000"


    Block Number: 300
    Block Hash: 0x20771c887b23268e1f71eb4421d3d9492d22bd4c3355b5fd8efeb793330b660d
    Block Time: "Fri, 9 Aug 2024 07:49:47 +0000"


    Block Number: 301
    Block Hash: 0xf7e63a21a3445c4ee4d2968d0cbbb934e8dea42653d13c35f0c819007f2546cb
    Block Time: "Fri, 9 Aug 2024 07:49:49 +0000"


    Block Number: 302
    Block Hash: 0x597644b6c197f6ffaa19a6d73ad8e12a0b9dc9e2b8aeaa4cb056b70209f93008
    Block Time: "Fri, 9 Aug 2024 07:49:51 +0000"


    Block Number: 303
    Block Hash: 0xe372e0936d4db1f7e133d5aae1ed0f383119011f7cf007b329f5f5e15156b4a4
    Block Time: "Fri, 9 Aug 2024 07:49:53 +0000"


    Block Number: 304
    Block Hash: 0x78a203f73167694b4664d64c541a374d02fb1e9e3374a84fd740419260c74f7c
    Block Time: "Fri, 9 Aug 2024 07:49:55 +0000"


    Block Number: 305
    Block Hash: 0x59e524b8d1f895ce70ad4ee6292d9d2389e7dbe62aadd481164fe400ccbf5188
    Block Time: "Fri, 9 Aug 2024 07:49:57 +0000"


    Block Number: 306
    Block Hash: 0xcf1ed840735bb64afd3ac8679a52d3c9333c9c436c79923ba5667d0464a859df
    Block Time: "Fri, 9 Aug 2024 07:49:59 +0000"


    Block Number: 307
    Block Hash: 0xa5efb44e50fa71e1c0fea747ed00a1add698900796edb908fef2a43088629517
    Block Time: "Fri, 9 Aug 2024 07:50:01 +0000"


    Block Number: 308
    Block Hash: 0x9d6dbcad71fec3a7603ba7527844dbceda9560266eff0012339b766efb64c776
    Block Time: "Fri, 9 Aug 2024 07:50:03 +0000"


    Block Number: 309
    Block Hash: 0x63f5262499db731183c18bc3d81849e006a8f6a2e3ddb2a69ce5b383027dfa1d
    Block Time: "Fri, 9 Aug 2024 07:50:05 +0000"


    Block Number: 310
    Block Hash: 0xd4c8cf1d43a97cb23c82f4bf3484f54f64942ac036c87389ba24ada9fbc4c10c
    Block Time: "Fri, 9 Aug 2024 07:50:07 +0000"


    Block Number: 311
    Block Hash: 0xc610da39405818522e5fc915d764f753291ef83d0f8ecabcc3f577f6583a57fb
    Block Time: "Fri, 9 Aug 2024 07:50:09 +0000"


    Block Number: 312
    Block Hash: 0xda2704a6f163e40119d4bf35669b9ed99e6542141f49f78aba38f3c51412610b
    Block Time: "Fri, 9 Aug 2024 07:50:11 +0000"


    Block Number: 313
    Block Hash: 0x7a6fdc3c2342bfcc82a3667df4dc8ce17c2d80701dd3c35925d12f7f4bf7702c
    Block Time: "Fri, 9 Aug 2024 07:50:13 +0000"


    Block Number: 314
    Block Hash: 0x0d8715fd650defce0b393a179187ed25f4b96a89c7518804a396d23bdfa95604
    Block Time: "Fri, 9 Aug 2024 07:50:15 +0000"


    Block Number: 315
    Block Hash: 0x216977a5e288b0452ed73a0da615af6a8e9957b26d56d4f9d9290f7f7e6e4bfb
    Block Time: "Fri, 9 Aug 2024 07:50:17 +0000"


    Block Number: 316
    Block Hash: 0xdea073d23809dac8e0582d7ff1761ac842111d268f69f4c7202c18fbe8d9ba4e
    Block Time: "Fri, 9 Aug 2024 07:50:19 +0000"


    Block Number: 317
    Block Hash: 0xc6ea3ea5e0d426a1b30bd58cc75325fd151dd5ea7e676c4cf089dafab3171f44
    Block Time: "Fri, 9 Aug 2024 07:50:21 +0000"


    Block Number: 318
    Block Hash: 0x6c21aa21b43f719bd0e83ee48aeac4a3e623f4e5dad8a4a7b7e303152ef592ce
    Block Time: "Fri, 9 Aug 2024 07:50:23 +0000"


    Block Number: 319
    Block Hash: 0xbc322307830faf93b08e0ea03be6a308cc04d84673c31014747441605fb1d8fd
    Block Time: "Fri, 9 Aug 2024 07:50:25 +0000"


    Block Number: 320
    Block Hash: 0x457d9db08407137bffefeebd61534dfbca60deba663de1c2b7db77f320643f3a
    Block Time: "Fri, 9 Aug 2024 07:50:27 +0000"


    Block Number: 321
    Block Hash: 0x41448e2a7112c747848bb97d75a17639e3f84274871aa2c385b861ce7dc15a9d
    Block Time: "Fri, 9 Aug 2024 07:50:29 +0000"


    Block Number: 322
    Block Hash: 0x8e53cc0bcd0a908eadbee9135346933ba96f54307bf0fb9309fa1633553eda6e
    Block Time: "Fri, 9 Aug 2024 07:50:31 +0000"


    Block Number: 323
    Block Hash: 0xa9e3bf735f8e85d3b236590624128a3099fa292d011da97eed0d0eb3bdb2650d
    Block Time: "Fri, 9 Aug 2024 07:50:33 +0000"


    Block Number: 324
    Block Hash: 0x7abb99e3bba481c85af5c843ad341f6596b55f69d6223f9b85786a5ffc93d4f5
    Block Time: "Fri, 9 Aug 2024 07:50:35 +0000"


    Block Number: 325
    Block Hash: 0x9c44c00a29126cd60f9b71b45ea6c064d3b8b38f9b7cfcfc7f19d9832a8ccfe5
    Block Time: "Fri, 9 Aug 2024 07:50:37 +0000"


    Block Number: 326
    Block Hash: 0x08221ffdc2f88b3610607b2344835176beb2919edc9602910a3e4ffe144eeb45
    Block Time: "Fri, 9 Aug 2024 07:50:39 +0000"


    Block Number: 327
    Block Hash: 0xe4525333a2f76e2c0cfc2383ec05bc48f328068fb1b63d7eaae9e9805f2fa69d
    Block Time: "Fri, 9 Aug 2024 07:50:41 +0000"


    Block Number: 328
    Block Hash: 0x518e5c03a1e3a698995871af53dae42a458068647016e2d47963bcdbd1b2b65c
    Block Time: "Fri, 9 Aug 2024 07:50:43 +0000"


    Block Number: 329
    Block Hash: 0x2435680ec2ad86e9b83916c91c602340e0ed57af29013002d5c6d9621f11dee6
    Block Time: "Fri, 9 Aug 2024 07:50:45 +0000"


    Block Number: 330
    Block Hash: 0xbb88fd5dea8c2693d5e4cb38947decdabc38b7631fbc8d23e660b87d2f213a72
    Block Time: "Fri, 9 Aug 2024 07:50:47 +0000"


    Block Number: 331
    Block Hash: 0xb3f1d5f1179369859949ec406e3f79702ea4abfddeabdf8a97888895f2d07ac3
    Block Time: "Fri, 9 Aug 2024 07:50:49 +0000"

